<?xml version="1.0" encoding="UTF-8"?>
<!-- Generated by org.testng.reporters.JUnitXMLReporter -->
<testsuite hostname="C02Q46K2FVH7" ignored="0" name="Default test" tests="3" failures="0" timestamp="26 Jul 2020 10:54:33 GMT" time="3.346" errors="0">
  <testcase name="Restaurent" time="2.763" classname="Zomato.Zomatoapiautomation.BestRest"/>
  <testcase name="Resultfound" time="0.526" classname="Zomato.Zomatoapiautomation.BestRest"/>
  <testcase name="restarentsize" time="0.019" classname="Zomato.Zomatoapiautomation.BestRest"/>
</testsuite> <!-- Default test -->
